<?xml version="1.0" encoding="utf-8"?><testsuites name="pytest tests"><testsuite name="pytest" errors="0" failures="7" skipped="0" tests="35" time="0.100" timestamp="2026-02-11T17:26:47.364500+00:00" hostname="agent-env-76a4ed05-10ec-42dd-bfbf-c6482f8fdad7"><testcase classname="backend.tests.test_promotional_broadcasts.TestModuleLoading" name="test_module_imports_successfully" time="0.024" /><testcase classname="backend.tests.test_promotional_broadcasts.TestModuleLoading" name="test_build_promo_message_is_async" time="0.000" /><testcase classname="backend.tests.test_promotional_broadcasts.TestModuleLoading" name="test_generate_dynamic_message_is_async" time="0.000" /><testcase classname="backend.tests.test_promotional_broadcasts.TestSanitizeHtml" name="test_bold_double_asterisks_to_b_tag" time="0.000" /><testcase classname="backend.tests.test_promotional_broadcasts.TestSanitizeHtml" name="test_bold_double_underscores_to_b_tag" time="0.000" /><testcase classname="backend.tests.test_promotional_broadcasts.TestSanitizeHtml" name="test_italic_single_asterisk_to_i_tag" time="0.000" /><testcase classname="backend.tests.test_promotional_broadcasts.TestSanitizeHtml" name="test_inline_code_to_code_tag" time="0.000" /><testcase classname="backend.tests.test_promotional_broadcasts.TestSanitizeHtml" name="test_bullet_point_to_dash" time="0.000" /><testcase classname="backend.tests.test_promotional_broadcasts.TestSanitizeHtml" name="test_combined_markdown_conversion" time="0.000" /><testcase classname="backend.tests.test_promotional_broadcasts.TestSanitizeHtml" name="test_strips_whitespace" time="0.000" /><testcase classname="backend.tests.test_promotional_broadcasts.TestGenerateDynamicMessage" name="test_returns_none_when_api_key_not_set" time="0.000"><failure message="Failed: async def functions are not natively supported.&#10;You need to install a suitable plugin for your async framework, for example:&#10;  - anyio&#10;  - pytest-asyncio&#10;  - pytest-tornasync&#10;  - pytest-trio&#10;  - pytest-twisted">async def functions are not natively supported.
You need to install a suitable plugin for your async framework, for example:
  - anyio
  - pytest-asyncio
  - pytest-tornasync
  - pytest-trio
  - pytest-twisted</failure></testcase><testcase classname="backend.tests.test_promotional_broadcasts.TestGenerateDynamicMessage" name="test_returns_none_for_invalid_theme" time="0.000"><failure message="Failed: async def functions are not natively supported.&#10;You need to install a suitable plugin for your async framework, for example:&#10;  - anyio&#10;  - pytest-asyncio&#10;  - pytest-tornasync&#10;  - pytest-trio&#10;  - pytest-twisted">async def functions are not natively supported.
You need to install a suitable plugin for your async framework, for example:
  - anyio
  - pytest-asyncio
  - pytest-tornasync
  - pytest-trio
  - pytest-twisted</failure></testcase><testcase classname="backend.tests.test_promotional_broadcasts.TestThemeBriefs" name="test_has_all_three_themes" time="0.000" /><testcase classname="backend.tests.test_promotional_broadcasts.TestThemeBriefs" name="test_theme_has_required_fields" time="0.000" /><testcase classname="backend.tests.test_promotional_broadcasts.TestThemeBriefs" name="test_offshore_domains_content" time="0.000" /><testcase classname="backend.tests.test_promotional_broadcasts.TestThemeBriefs" name="test_offshore_hosting_content" time="0.000" /><testcase classname="backend.tests.test_promotional_broadcasts.TestThemeBriefs" name="test_url_shortener_content" time="0.000" /><testcase classname="backend.tests.test_promotional_broadcasts.TestPromoSlots" name="test_hour_10_is_offshore_domains" time="0.000" /><testcase classname="backend.tests.test_promotional_broadcasts.TestPromoSlots" name="test_hour_15_is_offshore_hosting" time="0.000" /><testcase classname="backend.tests.test_promotional_broadcasts.TestPromoSlots" name="test_hour_20_is_url_shortener" time="0.000" /><testcase classname="backend.tests.test_promotional_broadcasts.TestPromoSlots" name="test_has_exactly_three_slots" time="0.000" /><testcase classname="backend.tests.test_promotional_broadcasts.TestBuildPromoMessage" name="test_fallback_to_static_when_no_api_key" time="0.000"><failure message="Failed: async def functions are not natively supported.&#10;You need to install a suitable plugin for your async framework, for example:&#10;  - anyio&#10;  - pytest-asyncio&#10;  - pytest-tornasync&#10;  - pytest-trio&#10;  - pytest-twisted">async def functions are not natively supported.
You need to install a suitable plugin for your async framework, for example:
  - anyio
  - pytest-asyncio
  - pytest-tornasync
  - pytest-trio
  - pytest-twisted</failure></testcase><testcase classname="backend.tests.test_promotional_broadcasts.TestBuildPromoMessage" name="test_message_contains_nomadlybot_footer" time="0.000"><failure message="Failed: async def functions are not natively supported.&#10;You need to install a suitable plugin for your async framework, for example:&#10;  - anyio&#10;  - pytest-asyncio&#10;  - pytest-tornasync&#10;  - pytest-trio&#10;  - pytest-twisted">async def functions are not natively supported.
You need to install a suitable plugin for your async framework, for example:
  - anyio
  - pytest-asyncio
  - pytest-tornasync
  - pytest-trio
  - pytest-twisted</failure></testcase><testcase classname="backend.tests.test_promotional_broadcasts.TestBuildPromoMessage" name="test_message_contains_stop_promos_hint" time="0.000"><failure message="Failed: async def functions are not natively supported.&#10;You need to install a suitable plugin for your async framework, for example:&#10;  - anyio&#10;  - pytest-asyncio&#10;  - pytest-tornasync&#10;  - pytest-trio&#10;  - pytest-twisted">async def functions are not natively supported.
You need to install a suitable plugin for your async framework, for example:
  - anyio
  - pytest-asyncio
  - pytest-tornasync
  - pytest-trio
  - pytest-twisted</failure></testcase><testcase classname="backend.tests.test_promotional_broadcasts.TestBuildPromoMessage" name="test_caching_returns_same_message_within_hour" time="0.000"><failure message="Failed: async def functions are not natively supported.&#10;You need to install a suitable plugin for your async framework, for example:&#10;  - anyio&#10;  - pytest-asyncio&#10;  - pytest-tornasync&#10;  - pytest-trio&#10;  - pytest-twisted">async def functions are not natively supported.
You need to install a suitable plugin for your async framework, for example:
  - anyio
  - pytest-asyncio
  - pytest-tornasync
  - pytest-trio
  - pytest-twisted</failure></testcase><testcase classname="backend.tests.test_promotional_broadcasts.TestBuildPromoMessage" name="test_cache_key_format" time="0.000"><failure message="Failed: async def functions are not natively supported.&#10;You need to install a suitable plugin for your async framework, for example:&#10;  - anyio&#10;  - pytest-asyncio&#10;  - pytest-tornasync&#10;  - pytest-trio&#10;  - pytest-twisted">async def functions are not natively supported.
You need to install a suitable plugin for your async framework, for example:
  - anyio
  - pytest-asyncio
  - pytest-tornasync
  - pytest-trio
  - pytest-twisted</failure></testcase><testcase classname="backend.tests.test_promotional_broadcasts.TestStaticMessageFallback" name="test_build_static_message_returns_content" time="0.003" /><testcase classname="backend.tests.test_promotional_broadcasts.TestStaticMessageFallback" name="test_append_footer_adds_nomadlybot" time="0.000" /><testcase classname="backend.tests.test_promotional_broadcasts.TestEnvFile" name="test_env_file_exists" time="0.000" /><testcase classname="backend.tests.test_promotional_broadcasts.TestEnvFile" name="test_env_has_app_open_api_key" time="0.000" /><testcase classname="backend.tests.test_promotional_broadcasts.TestEnvFile" name="test_app_open_api_key_loaded_in_environment" time="0.000" /><testcase classname="backend.tests.test_promotional_broadcasts.TestLangNames" name="test_lang_names_has_supported_languages" time="0.000" /><testcase classname="backend.tests.test_promotional_broadcasts.TestSystemPrompt" name="test_system_prompt_exists_and_is_substantial" time="0.000" /><testcase classname="backend.tests.test_promotional_broadcasts.TestSystemPrompt" name="test_system_prompt_has_telegram_html_rules" time="0.000" /><testcase classname="backend.tests.test_promotional_broadcasts.TestSystemPrompt" name="test_system_prompt_has_language_placeholder" time="0.000" /></testsuite></testsuites>