<?xml version="1.0" encoding="utf-8"?><testsuites name="pytest tests"><testsuite name="pytest" errors="0" failures="0" skipped="0" tests="24" time="0.081" timestamp="2026-02-11T17:15:31.997678+00:00" hostname="agent-env-76a4ed05-10ec-42dd-bfbf-c6482f8fdad7"><testcase classname="backend.tests.test_locale_and_timezone.TestLocaleFilesIntegrity" name="test_en_json_is_valid_json" time="0.002" /><testcase classname="backend.tests.test_locale_and_timezone.TestLocaleFilesIntegrity" name="test_es_json_is_valid_json" time="0.001" /><testcase classname="backend.tests.test_locale_and_timezone.TestLocaleFilesIntegrity" name="test_fr_json_is_valid_json" time="0.001" /><testcase classname="backend.tests.test_locale_and_timezone.TestLocaleFilesIntegrity" name="test_en_has_expected_leaf_key_count" time="0.002" /><testcase classname="backend.tests.test_locale_and_timezone.TestLocaleFilesIntegrity" name="test_es_has_same_keys_as_en" time="0.002" /><testcase classname="backend.tests.test_locale_and_timezone.TestLocaleFilesIntegrity" name="test_fr_has_same_keys_as_en" time="0.002" /><testcase classname="backend.tests.test_locale_and_timezone.TestLocaleFilesIntegrity" name="test_all_locales_perfectly_in_sync" time="0.002" /><testcase classname="backend.tests.test_locale_and_timezone.TestTimezoneDetection" name="test_french_returns_plus_1" time="0.002" /><testcase classname="backend.tests.test_locale_and_timezone.TestTimezoneDetection" name="test_russian_returns_plus_3" time="0.000" /><testcase classname="backend.tests.test_locale_and_timezone.TestTimezoneDetection" name="test_japanese_returns_plus_9" time="0.000" /><testcase classname="backend.tests.test_locale_and_timezone.TestTimezoneDetection" name="test_brazilian_portuguese_returns_minus_3" time="0.000" /><testcase classname="backend.tests.test_locale_and_timezone.TestTimezoneDetection" name="test_english_returns_0" time="0.000" /><testcase classname="backend.tests.test_locale_and_timezone.TestTimezoneDetection" name="test_none_returns_0" time="0.000" /><testcase classname="backend.tests.test_locale_and_timezone.TestTimezoneDetection" name="test_empty_string_returns_0" time="0.000" /><testcase classname="backend.tests.test_locale_and_timezone.TestTimezoneDetection" name="test_unknown_language_returns_0" time="0.000" /><testcase classname="backend.tests.test_locale_and_timezone.TestTimezoneDetection" name="test_case_insensitive" time="0.000" /><testcase classname="backend.tests.test_locale_and_timezone.TestTimezoneDetection" name="test_handles_whitespace" time="0.000" /><testcase classname="backend.tests.test_locale_and_timezone.TestTimezoneDetection" name="test_variant_codes_fallback_to_base" time="0.000" /><testcase classname="backend.tests.test_locale_and_timezone.TestTimezoneDetection" name="test_mapping_has_expected_languages" time="0.000" /><testcase classname="backend.tests.test_locale_and_timezone.TestCodeStructure" name="test_set_user_timezone_offset_exists_in_database" time="0.017" /><testcase classname="backend.tests.test_locale_and_timezone.TestCodeStructure" name="test_detect_timezone_from_language_code_exists" time="0.000" /><testcase classname="backend.tests.test_locale_and_timezone.TestCodeStructure" name="test_language_code_to_timezone_mapping_exists" time="0.000" /><testcase classname="backend.tests.test_locale_and_timezone.TestCodeStructure" name="test_start_command_imports_auto_timezone" time="0.004" /><testcase classname="backend.tests.test_locale_and_timezone.TestCodeStructure" name="test_set_timezone_command_exists" time="0.004" /></testsuite></testsuites>